2020-09-12T14:39:49.892Z [warn] WARNING: {{paper-icon}} was not converted as it has positional parameters which can't be automatically converted. Source: app/templates/error.hbs
2020-09-12T14:39:50.302Z [warn] WARNING: {{paper-icon}} was not converted as it has positional parameters which can't be automatically converted. Source: app/templates/components/report-editable-view.hbs
2020-09-12T14:39:50.480Z [warn] WARNING: {{paper-icon}} was not converted as it has positional parameters which can't be automatically converted. Source: app/templates/components/menu-item.hbs
2020-09-12T14:39:50.534Z [warn] WARNING: {{paper-icon}} was not converted as it has positional parameters which can't be automatically converted. Source: app/templates/moor/inmail.hbs
2020-09-12T14:39:50.683Z [warn] WARNING: {{paper-icon}} was not converted as it has positional parameters which can't be automatically converted. Source: app/templates/moor/report/new.hbs
2020-09-12T14:39:50.740Z [warn] WARNING: {{paper-icon}} was not converted as it has positional parameters which can't be automatically converted. Source: app/templates/moor/inmail/view.hbs
2020-09-12T14:39:50.686Z [warn] WARNING: {{paper-icon}} was not converted as it has positional parameters which can't be automatically converted. Source: app/templates/moor/report/new.hbs
2020-09-12T14:39:50.686Z [warn] WARNING: {{paper-icon}} was not converted as it has positional parameters which can't be automatically converted. Source: app/templates/moor/report/new.hbs
2020-09-12T14:39:50.687Z [warn] WARNING: {{paper-icon}} was not converted as it has positional parameters which can't be automatically converted. Source: app/templates/moor/report/new.hbs
2020-09-12T14:39:50.726Z [warn] WARNING: {{paper-icon}} was not converted as it has positional parameters which can't be automatically converted. Source: app/templates/moor/report/new.hbs
2020-09-12T14:39:50.748Z [warn] WARNING: {{paper-icon}} was not converted as it has positional parameters which can't be automatically converted. Source: app/templates/moor/report/new.hbs
2020-09-12T14:39:50.751Z [warn] WARNING: {{paper-icon}} was not converted as it has positional parameters which can't be automatically converted. Source: app/templates/moor/report/new.hbs
2020-09-12T14:39:50.831Z [warn] WARNING: {{paper-icon}} was not converted as it has positional parameters which can't be automatically converted. Source: app/templates/moor/report/view.hbs
2020-09-12T14:39:50.832Z [warn] WARNING: {{paper-icon}} was not converted as it has positional parameters which can't be automatically converted. Source: app/templates/moor/report/view.hbs
2020-09-12T14:39:50.833Z [warn] WARNING: {{paper-icon}} was not converted as it has positional parameters which can't be automatically converted. Source: app/templates/moor/report/view.hbs
2020-09-12T14:39:51.116Z [warn] WARNING: {{paper-icon}} was not converted as it has positional parameters which can't be automatically converted. Source: app/templates/components/edit-report-dialog.hbs
2020-09-12T14:39:49.899Z [warn] WARNING: {{paper-icon}} was not converted as it has positional parameters which can't be automatically converted. Source: app/templates/error.hbs
2020-09-12T14:39:50.291Z [warn] WARNING: {{paper-icon}} was not converted as it has positional parameters which can't be automatically converted. Source: app/templates/application.hbs
2020-09-12T14:39:50.295Z [warn] WARNING: {{paper-icon}} was not converted as it has positional parameters which can't be automatically converted. Source: app/templates/application.hbs
2020-09-12T14:39:50.298Z [warn] WARNING: {{paper-icon}} was not converted as it has positional parameters which can't be automatically converted. Source: app/templates/application.hbs
2020-09-12T14:39:50.301Z [warn] WARNING: {{paper-icon}} was not converted as it has positional parameters which can't be automatically converted. Source: app/templates/application.hbs
2020-09-12T14:39:50.303Z [warn] WARNING: {{paper-icon}} was not converted as it has positional parameters which can't be automatically converted. Source: app/templates/application.hbs
2020-09-12T14:39:50.305Z [warn] WARNING: {{paper-icon}} was not converted as it has positional parameters which can't be automatically converted. Source: app/templates/application.hbs
2020-09-12T14:39:50.308Z [warn] WARNING: {{paper-icon}} was not converted as it has positional parameters which can't be automatically converted. Source: app/templates/application.hbs
2020-09-12T14:39:50.311Z [warn] WARNING: {{paper-icon}} was not converted as it has positional parameters which can't be automatically converted. Source: app/templates/application.hbs
2020-09-12T14:39:50.629Z [warn] WARNING: {{paper-icon}} was not converted as it has positional parameters which can't be automatically converted. Source: app/templates/recentlyreturned.hbs
2020-09-12T14:39:50.829Z [warn] WARNING: {{paper-icon}} was not converted as it has positional parameters which can't be automatically converted. Source: app/templates/components/date-picker.hbs
2020-09-12T14:39:50.306Z [warn] WARNING: {{paper-icon}} was not converted as it has positional parameters which can't be automatically converted. Source: app/templates/components/report-editable-view.hbs
2020-09-12T14:39:50.359Z [warn] WARNING: {{paper-icon}} was not converted as it has positional parameters which can't be automatically converted. Source: app/templates/components/report-editable-view.hbs
2020-09-12T14:39:50.365Z [warn] WARNING: {{paper-icon}} was not converted as it has positional parameters which can't be automatically converted. Source: app/templates/components/report-editable-view.hbs
2020-09-12T14:39:50.369Z [warn] WARNING: {{paper-icon}} was not converted as it has positional parameters which can't be automatically converted. Source: app/templates/components/report-editable-view.hbs
2020-09-12T14:39:50.826Z [warn] WARNING: {{paper-icon}} was not converted as it has positional parameters which can't be automatically converted. Source: app/templates/components/report-print-view.hbs
2020-09-12T14:39:50.826Z [warn] WARNING: {{paper-icon}} was not converted as it has positional parameters which can't be automatically converted. Source: app/templates/components/report-print-view.hbs
2020-09-12T14:39:50.908Z [warn] WARNING: {{paper-icon}} was not converted as it has positional parameters which can't be automatically converted. Source: app/templates/components/report-print-view.hbs
2020-09-12T14:39:50.912Z [warn] WARNING: {{paper-icon}} was not converted as it has positional parameters which can't be automatically converted. Source: app/templates/components/report-print-view.hbs
2020-09-12T14:39:50.915Z [warn] WARNING: {{paper-icon}} was not converted as it has positional parameters which can't be automatically converted. Source: app/templates/components/report-print-view.hbs
2020-09-12T14:39:50.918Z [warn] WARNING: {{paper-icon}} was not converted as it has positional parameters which can't be automatically converted. Source: app/templates/components/report-print-view.hbs
2020-09-12T14:39:50.921Z [warn] WARNING: {{paper-icon}} was not converted as it has positional parameters which can't be automatically converted. Source: app/templates/components/report-print-view.hbs
2020-09-12T14:39:50.930Z [warn] WARNING: {{paper-icon}} was not converted as it has positional parameters which can't be automatically converted. Source: app/templates/components/report-print-view.hbs
2020-09-12T14:39:50.932Z [warn] WARNING: {{paper-icon}} was not converted as it has positional parameters which can't be automatically converted. Source: app/templates/components/report-print-view.hbs
2020-09-12T14:39:51.189Z [warn] WARNING: {{paper-icon}} was not converted as it has positional parameters which can't be automatically converted. Source: app/templates/components/student-create-dialog.hbs
2020-09-12T14:39:51.231Z [warn] WARNING: {{paper-icon}} was not converted as it has positional parameters which can't be automatically converted. Source: app/templates/components/student-selection.hbs
2020-09-12T14:39:51.231Z [warn] WARNING: {{paper-icon}} was not converted as it has positional parameters which can't be automatically converted. Source: app/templates/components/student-selection.hbs
2020-09-12T14:39:51.232Z [warn] WARNING: {{paper-icon}} was not converted as it has positional parameters which can't be automatically converted. Source: app/templates/components/student-selection.hbs
2020-09-12T14:39:51.233Z [warn] WARNING: {{paper-icon}} was not converted as it has positional parameters which can't be automatically converted. Source: app/templates/components/student-selection.hbs
2020-09-12T14:39:51.245Z [warn] WARNING: {{paper-icon}} was not converted as it has positional parameters which can't be automatically converted. Source: app/templates/components/student-selection.hbs
2020-09-12T14:39:50.542Z [warn] WARNING: {{paper-icon}} was not converted as it has positional parameters which can't be automatically converted. Source: app/templates/moor/inmail.hbs
2020-09-12T14:39:50.546Z [warn] WARNING: {{paper-icon}} was not converted as it has positional parameters which can't be automatically converted. Source: app/templates/moor/inmail.hbs
2020-09-12T14:39:50.766Z [warn] WARNING: {{paper-icon}} was not converted as it has positional parameters which can't be automatically converted. Source: app/templates/moor/inmail.hbs
2020-09-12T14:39:50.770Z [warn] WARNING: {{paper-icon}} was not converted as it has positional parameters which can't be automatically converted. Source: app/templates/moor/inmail.hbs
2020-09-12T14:39:50.886Z [warn] WARNING: {{paper-icon}} was not converted as it has positional parameters which can't be automatically converted. Source: app/templates/moor/index.hbs
2020-09-12T14:39:50.886Z [warn] WARNING: {{paper-icon}} was not converted as it has positional parameters which can't be automatically converted. Source: app/templates/moor/index.hbs
2020-09-12T14:39:50.904Z [warn] WARNING: {{paper-icon}} was not converted as it has positional parameters which can't be automatically converted. Source: app/templates/moor/index.hbs
2020-09-12T14:39:50.908Z [warn] WARNING: {{paper-icon}} was not converted as it has positional parameters which can't be automatically converted. Source: app/templates/moor/index.hbs
2020-09-12T14:39:50.909Z [warn] WARNING: {{paper-icon}} was not converted as it has positional parameters which can't be automatically converted. Source: app/templates/moor/index.hbs
2020-09-12T14:39:51.112Z [warn] WARNING: {{paper-icon}} was not converted as it has positional parameters which can't be automatically converted. Source: app/templates/moor/search.hbs
2020-09-12T14:39:51.112Z [warn] WARNING: {{paper-icon}} was not converted as it has positional parameters which can't be automatically converted. Source: app/templates/moor/search.hbs
2020-09-12T14:39:51.114Z [warn] WARNING: {{paper-icon}} was not converted as it has positional parameters which can't be automatically converted. Source: app/templates/moor/search.hbs
2020-09-12T14:39:51.187Z [warn] WARNING: {{paper-icon}} was not converted as it has positional parameters which can't be automatically converted. Source: app/templates/moor/search.hbs
2020-09-12T14:39:51.215Z [warn] WARNING: {{paper-icon}} was not converted as it has positional parameters which can't be automatically converted. Source: app/templates/moor/search.hbs
2020-09-12T14:39:51.263Z [warn] WARNING: {{paper-icon}} was not converted as it has positional parameters which can't be automatically converted. Source: app/templates/moor/search.hbs
2020-09-12T14:39:51.266Z [warn] WARNING: {{paper-icon}} was not converted as it has positional parameters which can't be automatically converted. Source: app/templates/moor/search.hbs
2020-09-12T14:39:51.268Z [warn] WARNING: {{paper-icon}} was not converted as it has positional parameters which can't be automatically converted. Source: app/templates/moor/search.hbs
2020-09-12T14:39:51.270Z [warn] WARNING: {{paper-icon}} was not converted as it has positional parameters which can't be automatically converted. Source: app/templates/moor/search.hbs
2020-09-12T14:39:51.272Z [warn] WARNING: {{paper-icon}} was not converted as it has positional parameters which can't be automatically converted. Source: app/templates/moor/search.hbs
2020-09-12T14:39:51.274Z [warn] WARNING: {{paper-icon}} was not converted as it has positional parameters which can't be automatically converted. Source: app/templates/moor/search.hbs
2020-09-12T14:39:51.282Z [warn] WARNING: {{paper-icon}} was not converted as it has positional parameters which can't be automatically converted. Source: app/templates/moor/search.hbs
2020-09-12T14:39:51.285Z [warn] WARNING: {{paper-icon}} was not converted as it has positional parameters which can't be automatically converted. Source: app/templates/moor/search.hbs
2020-09-12T14:39:51.286Z [warn] WARNING: {{paper-icon}} was not converted as it has positional parameters which can't be automatically converted. Source: app/templates/moor/search.hbs
2020-09-12T14:39:51.287Z [warn] WARNING: {{paper-icon}} was not converted as it has positional parameters which can't be automatically converted. Source: app/templates/moor/search.hbs
2020-09-12T14:39:51.288Z [warn] WARNING: {{paper-icon}} was not converted as it has positional parameters which can't be automatically converted. Source: app/templates/moor/search.hbs
2020-09-12T14:39:51.123Z [warn] WARNING: {{paper-icon}} was not converted as it has positional parameters which can't be automatically converted. Source: app/templates/components/edit-report-dialog.hbs
2020-09-12T14:39:51.703Z [warn] WARNING: {{simple-format}} was not converted as it has positional parameters which can't be automatically converted. Source: app/templates/components/inmail-display.hbs
2020-09-12T14:39:51.707Z [warn] WARNING: {{simple-format}} was not converted as it has positional parameters which can't be automatically converted. Source: app/templates/components/inmail-display.hbs
2020-09-12T14:39:51.709Z [warn] WARNING: {{paper-icon}} was not converted as it has positional parameters which can't be automatically converted. Source: app/templates/components/inmail-display.hbs
2020-09-12T14:39:51.775Z [warn] WARNING: {{paper-icon}} was not converted as it has positional parameters which can't be automatically converted. Source: app/templates/components/mail-dialog.hbs
2020-09-12T14:39:51.079Z [warn] WARNING: {{paper-icon}} was not converted as it has positional parameters which can't be automatically converted. Source: app/templates/components/main-view.hbs
2020-09-12T14:39:51.090Z [warn] WARNING: {{paper-icon}} was not converted as it has positional parameters which can't be automatically converted. Source: app/templates/components/main-view.hbs
2020-09-12T14:39:51.097Z [warn] WARNING: {{paper-icon}} was not converted as it has positional parameters which can't be automatically converted. Source: app/templates/components/main-view.hbs
2020-09-12T14:39:51.325Z [warn] WARNING: {{paper-icon}} was not converted as it has positional parameters which can't be automatically converted. Source: app/templates/components/main-view.hbs
2020-09-12T14:39:51.393Z [warn] WARNING: {{paper-icon}} was not converted as it has positional parameters which can't be automatically converted. Source: app/templates/components/main-view.hbs
2020-09-12T14:39:51.400Z [warn] WARNING: {{paper-icon}} was not converted as it has positional parameters which can't be automatically converted. Source: app/templates/components/main-view.hbs
2020-09-12T14:39:51.661Z [warn] WARNING: {{paper-icon}} was not converted as it has positional parameters which can't be automatically converted. Source: app/templates/components/paper-data-paginator.hbs
2020-09-12T14:39:51.662Z [warn] WARNING: {{paper-icon}} was not converted as it has positional parameters which can't be automatically converted. Source: app/templates/components/paper-data-paginator.hbs
2020-09-12T14:39:50.745Z [warn] WARNING: {{paper-icon}} was not converted as it has positional parameters which can't be automatically converted. Source: app/templates/moor/inmail/view.hbs
2020-09-12T14:39:51.057Z [warn] WARNING: {{paper-icon}} was not converted as it has positional parameters which can't be automatically converted. Source: app/templates/moor/folderseries/index.hbs
2020-09-12T14:39:51.059Z [warn] WARNING: {{paper-icon}} was not converted as it has positional parameters which can't be automatically converted. Source: app/templates/moor/folderseries/index.hbs
2020-09-12T14:39:51.061Z [warn] WARNING: {{paper-icon}} was not converted as it has positional parameters which can't be automatically converted. Source: app/templates/moor/folderseries/index.hbs
2020-09-12T14:39:51.063Z [warn] WARNING: {{paper-icon}} was not converted as it has positional parameters which can't be automatically converted. Source: app/templates/moor/folderseries/index.hbs
2020-09-12T14:39:51.132Z [warn] WARNING: {{paper-icon}} was not converted as it has positional parameters which can't be automatically converted. Source: app/templates/moor/folderseries/index.hbs
2020-09-12T14:39:51.199Z [warn] WARNING: {{paper-icon}} was not converted as it has positional parameters which can't be automatically converted. Source: app/templates/moor/folderseries/index.hbs
2020-09-12T14:39:51.201Z [warn] WARNING: {{paper-icon}} was not converted as it has positional parameters which can't be automatically converted. Source: app/templates/moor/folderseries/index.hbs
2020-09-12T14:39:51.202Z [warn] WARNING: {{paper-icon}} was not converted as it has positional parameters which can't be automatically converted. Source: app/templates/moor/folderseries/index.hbs
2020-09-12T14:39:51.356Z [warn] WARNING: {{paper-icon}} was not converted as it has positional parameters which can't be automatically converted. Source: app/templates/moor/management/index.hbs
2020-09-12T14:39:51.356Z [warn] WARNING: {{paper-icon}} was not converted as it has positional parameters which can't be automatically converted. Source: app/templates/moor/management/index.hbs
2020-09-12T14:39:51.357Z [warn] WARNING: {{paper-icon}} was not converted as it has positional parameters which can't be automatically converted. Source: app/templates/moor/management/index.hbs
2020-09-12T14:39:51.422Z [warn] WARNING: {{paper-icon}} was not converted as it has positional parameters which can't be automatically converted. Source: app/templates/moor/management/index.hbs
2020-09-12T14:39:51.427Z [warn] WARNING: {{paper-icon}} was not converted as it has positional parameters which can't be automatically converted. Source: app/templates/moor/management/index.hbs
2020-09-12T14:39:51.428Z [warn] WARNING: {{paper-icon}} was not converted as it has positional parameters which can't be automatically converted. Source: app/templates/moor/management/index.hbs
2020-09-12T14:39:51.449Z [warn] WARNING: {{paper-icon}} was not converted as it has positional parameters which can't be automatically converted. Source: app/templates/moor/management/index.hbs
2020-09-12T14:39:51.450Z [warn] WARNING: {{paper-icon}} was not converted as it has positional parameters which can't be automatically converted. Source: app/templates/moor/management/index.hbs
2020-09-12T14:39:51.451Z [warn] WARNING: {{paper-icon}} was not converted as it has positional parameters which can't be automatically converted. Source: app/templates/moor/management/index.hbs
2020-09-12T14:39:51.473Z [warn] WARNING: {{paper-icon}} was not converted as it has positional parameters which can't be automatically converted. Source: app/templates/moor/management/index.hbs
2020-09-12T14:39:51.475Z [warn] WARNING: {{paper-icon}} was not converted as it has positional parameters which can't be automatically converted. Source: app/templates/moor/management/index.hbs
2020-09-12T14:39:51.475Z [warn] WARNING: {{paper-icon}} was not converted as it has positional parameters which can't be automatically converted. Source: app/templates/moor/management/index.hbs
2020-09-12T14:39:51.622Z [warn] WARNING: {{paper-icon}} was not converted as it has positional parameters which can't be automatically converted. Source: app/templates/moor/folderseries/print.hbs
2020-09-12T14:39:51.623Z [warn] WARNING: {{paper-icon}} was not converted as it has positional parameters which can't be automatically converted. Source: app/templates/moor/folderseries/print.hbs
2020-09-12T14:39:51.623Z [warn] WARNING: {{paper-icon}} was not converted as it has positional parameters which can't be automatically converted. Source: app/templates/moor/folderseries/print.hbs
2020-09-12T14:39:51.662Z [warn] WARNING: {{paper-icon}} was not converted as it has positional parameters which can't be automatically converted. Source: app/templates/moor/folderseries/print.hbs
2020-09-12T14:39:51.676Z [warn] WARNING: {{paper-icon}} was not converted as it has positional parameters which can't be automatically converted. Source: app/templates/moor/folderseries/print.hbs
2020-09-12T14:39:51.677Z [warn] WARNING: {{paper-icon}} was not converted as it has positional parameters which can't be automatically converted. Source: app/templates/moor/folderseries/print.hbs
2020-09-12T14:39:51.727Z [warn] WARNING: {{paper-icon}} was not converted as it has positional parameters which can't be automatically converted. Source: app/templates/moor/folderseries/print.hbs
2020-09-12T14:39:51.727Z [warn] WARNING: {{paper-icon}} was not converted as it has positional parameters which can't be automatically converted. Source: app/templates/moor/folderseries/print.hbs
2020-09-12T14:39:51.727Z [warn] WARNING: {{paper-icon}} was not converted as it has positional parameters which can't be automatically converted. Source: app/templates/moor/folderseries/print.hbs
2020-09-12T14:39:51.728Z [warn] WARNING: {{paper-icon}} was not converted as it has positional parameters which can't be automatically converted. Source: app/templates/moor/folderseries/print.hbs
2020-09-12T14:39:51.728Z [warn] WARNING: {{paper-icon}} was not converted as it has positional parameters which can't be automatically converted. Source: app/templates/moor/folderseries/print.hbs
2020-09-12T14:39:51.728Z [warn] WARNING: {{paper-icon}} was not converted as it has positional parameters which can't be automatically converted. Source: app/templates/moor/folderseries/print.hbs
2020-09-12T14:39:51.728Z [warn] WARNING: {{paper-icon}} was not converted as it has positional parameters which can't be automatically converted. Source: app/templates/moor/folderseries/print.hbs
2020-09-12T14:39:51.805Z [warn] WARNING: {{paper-icon}} was not converted as it has positional parameters which can't be automatically converted. Source: app/templates/moor/management/examinators.hbs
2020-09-12T14:39:51.805Z [warn] WARNING: {{paper-icon}} was not converted as it has positional parameters which can't be automatically converted. Source: app/templates/moor/management/examinators.hbs
2020-09-12T14:39:51.806Z [warn] WARNING: {{paper-icon}} was not converted as it has positional parameters which can't be automatically converted. Source: app/templates/moor/management/examinators.hbs
2020-09-12T14:39:51.806Z [warn] WARNING: {{paper-icon}} was not converted as it has positional parameters which can't be automatically converted. Source: app/templates/moor/management/examinators.hbs
2020-09-12T14:39:51.860Z [warn] WARNING: {{paper-icon}} was not converted as it has positional parameters which can't be automatically converted. Source: app/templates/moor/management/examinators.hbs
2020-09-12T14:39:51.865Z [warn] WARNING: {{paper-icon}} was not converted as it has positional parameters which can't be automatically converted. Source: app/templates/moor/management/examinators.hbs
2020-09-12T14:39:51.865Z [warn] WARNING: {{paper-icon}} was not converted as it has positional parameters which can't be automatically converted. Source: app/templates/moor/management/examinators.hbs
